j:\visual_studio_projects\2013_professional\_school\jade\game_engine\debug\vc120.pdb
j:\visual_studio_projects\2013_professional\_school\jade\game_engine\debug\vc120.idb
j:\visual_studio_projects\2013_professional\_school\jade\game_engine\debug\application.obj
j:\visual_studio_projects\2013_professional\_school\jade\game_engine\debug\main.obj
j:\visual_studio_projects\2013_professional\jade_cube\jade\game_engine\debug\vc120.pdb
j:\visual_studio_projects\2013_professional\jade_cube\jade\game_engine\debug\vc120.idb
j:\visual_studio_projects\2013_professional\jade_cube\jade\game_engine\debug\application.obj
j:\visual_studio_projects\2013_professional\jade_cube\jade\game_engine\debug\main.obj
j:\visual_studio_projects\2013_professional\_school\jade\debug\game_engine.ilk
j:\visual_studio_projects\2013_professional\_school\jade\debug\game_engine.exe
j:\visual_studio_projects\2013_professional\_school\jade\debug\game_engine.pdb
j:\visual_studio_projects\2013_professional\jade_cube\jade\debug\game_engine.ilk
j:\visual_studio_projects\2013_professional\jade_cube\jade\debug\game_engine.exe
j:\visual_studio_projects\2013_professional\jade_cube\jade\debug\game_engine.pdb
j:\visual_studio_projects\2013_professional\jade_cube\jade\game_engine\debug\game_engine.tlog\cl.command.1.tlog
j:\visual_studio_projects\2013_professional\jade_cube\jade\game_engine\debug\game_engine.tlog\cl.read.1.tlog
j:\visual_studio_projects\2013_professional\jade_cube\jade\game_engine\debug\game_engine.tlog\cl.write.1.tlog
j:\visual_studio_projects\2013_professional\jade_cube\jade\game_engine\debug\game_engine.tlog\link.command.1.tlog
j:\visual_studio_projects\2013_professional\jade_cube\jade\game_engine\debug\game_engine.tlog\link.read.1.tlog
j:\visual_studio_projects\2013_professional\jade_cube\jade\game_engine\debug\game_engine.tlog\link.write.1.tlog
